::1 - - [17/Apr/2023:13:28:20 -0300] "GET /versaoFinal_PI/index.php HTTP/1.1" 200 5577
::1 - - [17/Apr/2023:13:28:26 -0300] "GET /versaoFinal_PI/pageUsuarioLogin.php HTTP/1.1" 200 4290
::1 - - [17/Apr/2023:13:28:30 -0300] "POST /versaoFinal_PI/ativaUsuarioLogin.php HTTP/1.1" 302 -
::1 - - [17/Apr/2023:13:28:30 -0300] "GET /versaoFinal_PI/index.php HTTP/1.1" 200 11025
::1 - - [17/Apr/2023:13:28:33 -0300] "GET /versaoFinal_PI/pageUsuarioLista.php HTTP/1.1" 200 15756
::1 - - [17/Apr/2023:13:28:47 -0300] "GET /versaoFinal_PI/index.php HTTP/1.1" 200 11025
::1 - - [17/Apr/2023:13:28:52 -0300] "GET /versaoFinal_PI/pageUsuarioLista.php HTTP/1.1" 200 15756
::1 - - [17/Apr/2023:13:28:57 -0300] "POST /versaoFinal_PI/pageUsuarioEdita.php HTTP/1.1" 200 8595
::1 - - [17/Apr/2023:13:29:08 -0300] "POST /versaoFinal_PI/ativaUsuarioEdita.php HTTP/1.1" 200 -
::1 - - [17/Apr/2023:13:29:15 -0300] "POST /versaoFinal_PI/ativaUsuarioEdita.php HTTP/1.1" 200 -
::1 - - [17/Apr/2023:13:29:18 -0300] "GET /versaoFinal_PI/pageUsuarioLista.php HTTP/1.1" 200 15756
::1 - - [17/Apr/2023:13:29:21 -0300] "GET /versaoFinal_PI/ativaUsuarioSair.php HTTP/1.1" 302 53
::1 - - [17/Apr/2023:13:29:21 -0300] "GET /versaoFinal_PI/index.php HTTP/1.1" 200 5577
::1 - - [17/Apr/2023:13:29:22 -0300] "GET /versaoFinal_PI/pageUsuarioLogin.php HTTP/1.1" 200 4290
::1 - - [17/Apr/2023:13:29:31 -0300] "POST /versaoFinal_PI/ativaUsuarioLogin.php HTTP/1.1" 302 -
::1 - - [17/Apr/2023:13:29:31 -0300] "GET /versaoFinal_PI/pageUsuarioLogin.php HTTP/1.1" 200 4305
::1 - - [17/Apr/2023:13:29:35 -0300] "GET /versaoFinal_PI/pageUsuarioLogin.php HTTP/1.1" 200 4290
::1 - - [17/Apr/2023:13:29:36 -0300] "POST /versaoFinal_PI/ativaUsuarioLogin.php HTTP/1.1" 302 -
::1 - - [17/Apr/2023:13:29:36 -0300] "GET /versaoFinal_PI/index.php HTTP/1.1" 200 11025
::1 - - [17/Apr/2023:13:29:38 -0300] "GET /versaoFinal_PI/pageUsuarioLista.php HTTP/1.1" 200 15756
::1 - - [17/Apr/2023:13:29:40 -0300] "POST /versaoFinal_PI/pageUsuarioEdita.php HTTP/1.1" 200 8595
::1 - - [17/Apr/2023:13:30:54 -0300] "POST /versaoFinal_PI/ativaUsuarioEdita.php HTTP/1.1" 200 -
::1 - - [17/Apr/2023:13:32:15 -0300] "GET /versaoFinal_PI/ HTTP/1.1" 200 11025
::1 - - [17/Apr/2023:13:32:18 -0300] "GET /versaoFinal_PI/pageProdutoCria.php HTTP/1.1" 200 6560
::1 - - [17/Apr/2023:13:32:41 -0300] "GET /versaoFinal_PI/index.php HTTP/1.1" 200 11025
